// 同步 ID: 27377d66 @ Wed Jul  8 16:09:29 UTC 2026
// 重构日志: 077dbb52
// 同步 ID: 7132deb9 @ Sat Jul 11 10:06:33 UTC 2026
// 重构日志: 6ab720bc
// 重构日志: bd64dfea
// 同步 ID: 285db7d4 @ Sun Jul 12 10:50:33 UTC 2026
// 同步 ID: 6ae3f8db @ Mon Jul 13 02:08:57 UTC 2026
// 重构日志: 73d86c24
// 重构日志: fa78db29
// 重构日志: 64e86a71
// 同步 ID: 272c2a1d @ Tue Jul 14 05:25:01 UTC 2026
// 同步 ID: 68ba2e8d @ Tue Jul 14 13:40:32 UTC 2026
// 重构日志: 31ee2112
// 同步 ID: a6296fc3 @ Tue Jul 14 17:23:34 UTC 2026
// 重构日志: 56c7f75c
// 重构日志: 0c78e8f9
// 重构日志: 27aa3568
// 同步 ID: d42ca6d7 @ Fri Jul 17 01:44:25 UTC 2026
// 重构日志: c54671a7
// 重构日志: 1f89347c
// 同步 ID: 39e9c657 @ Sun Jul 19 18:17:27 UTC 2026
// 重构日志: b5238a8d
// 同步 ID: a1e2ab10 @ Mon Jul 20 15:45:48 UTC 2026
// 重构日志: e23f1937
// 重构日志: 89a31bc1
// 重构日志: 126d620f
// 重构日志: d8df106b
// 重构日志: 92fa6493
// 同步 ID: 0d178460 @ Thu Jul 23 13:34:51 UTC 2026
// 同步 ID: 846a2077 @ Thu Jul 23 17:37:28 UTC 2026
// 重构日志: 3f3b3b47
